<?xml version="1.0" encoding="UTF-8"?>
<testsuites>
  <testsuite time="25.3" tests="1" errors="0" failures="0" assertions="3" name="lb.Countdown.Create">
    <testcase class="QUnit.lb.Countdown.Create" name="create countdowns">
    </testcase>
  </testsuite>
  <testsuite time="0.739" tests="1" errors="0" failures="0" assertions="1" name="lb.Countdown.List">
    <testcase class="QUnit.lb.Countdown.List" name="delete countdowns">
    </testcase>
  </testsuite>
  <testsuite time="0.371" tests="1" errors="0" failures="0" assertions="1" name="gacd test">
    <testcase class="QUnit.gacd test" name="Copy Test">
    </testcase>
  </testsuite>
</testsuites>
